+ set -e
++ pwd
+ CWD=/home/emataru/2.5/mxe-core
+ case "$(uname -s)" in
++ uname -s
++ readlink -f /mnt/disk0/emataru/home/emataru/2.5/mxe-core/3pp-images/k8s-network-tools/build_image.sh
+ SCRIPT=/mnt/disk0/emataru/home/emataru/2.5/mxe-core/3pp-images/k8s-network-tools/build_image.sh
++ dirname /mnt/disk0/emataru/home/emataru/2.5/mxe-core/3pp-images/k8s-network-tools/build_image.sh
+ BASEDIR=/mnt/disk0/emataru/home/emataru/2.5/mxe-core/3pp-images/k8s-network-tools
++ dirname /mnt/disk0/emataru/home/emataru/2.5/mxe-core/3pp-images/k8s-network-tools
+ MODULEROOT=/mnt/disk0/emataru/home/emataru/2.5/mxe-core/3pp-images
+ source /mnt/disk0/emataru/home/emataru/2.5/mxe-core/3pp-images/base_image.sh
++ export LATEST_DATE_TAG=20230412
++ LATEST_DATE_TAG=20230412
++ export BASE_IMAGE=armdockerhub.rnd.ericsson.se/ubuntu:focal-20230412
++ BASE_IMAGE=armdockerhub.rnd.ericsson.se/ubuntu:focal-20230412
++ export MINICONDA_VERSION=4.7.12
++ MINICONDA_VERSION=4.7.12
++ export S2I_MINICONDA_DOWNLOAD_VERSION=4.10.3
++ S2I_MINICONDA_DOWNLOAD_VERSION=4.10.3
++ export MINICONDA_UBUNTU_IMAGE=armdocker.rnd.ericsson.se/proj-mxe/continuumio/miniconda3:4.7.12-ubuntu-20230412
++ MINICONDA_UBUNTU_IMAGE=armdocker.rnd.ericsson.se/proj-mxe/continuumio/miniconda3:4.7.12-ubuntu-20230412
++ export SELDON_JAVA_RUNTIME_IMAGE_SOURCE=openjdk
++ SELDON_JAVA_RUNTIME_IMAGE_SOURCE=openjdk
++ export SELDON_JAVA_RUNTIME_IMAGE_VERSION=8u141-jdk
++ SELDON_JAVA_RUNTIME_IMAGE_VERSION=8u141-jdk
++ export SELDON_JAVA_BUILD_IMAGE_SOURCE=seldonio/core-builder
++ SELDON_JAVA_BUILD_IMAGE_SOURCE=seldonio/core-builder
++ export SELDON_JAVA_BUILD_IMAGE_VERSION=0.4
++ SELDON_JAVA_BUILD_IMAGE_VERSION=0.4
++ export LATEST_ALPINE_TAG=3.17.3
++ LATEST_ALPINE_TAG=3.17.3
++ export PYTHON_ALPINE_TAG=3.9.16-alpine3.17
++ PYTHON_ALPINE_TAG=3.9.16-alpine3.17
++ export ARMDOCKER_PROXY=armdocker.rnd.ericsson.se/dockerhub-ericsson-remote
++ ARMDOCKER_PROXY=armdocker.rnd.ericsson.se/dockerhub-ericsson-remote
+ ALPINE_OS_VERSION=3.17.3
+ ALPINE_BASE_IMAGE=alpine:3.17.3
+ UPSTREAM_VERSION=1.1.3
+ RAW_UPSTREAM_DOCKERFILE=https://raw.githubusercontent.com/jupyterhub/zero-to-jupyterhub-k8s/main/images/network-tools/Dockerfile
+ IMAGE=armdocker.rnd.ericsson.se/proj-mxe/jupyterhub/k8s-network-tools:1.1.3-alpine3.17.3
+ ALPINE_VERSION_IN_SRC=3
+ SRC_ALPINE_BASE_IMAGE=alpine:3
+ wget https://raw.githubusercontent.com/jupyterhub/zero-to-jupyterhub-k8s/main/images/network-tools/Dockerfile -O /mnt/disk0/emataru/home/emataru/2.5/mxe-core/3pp-images/k8s-network-tools/Dockerfile
--2023-04-24 08:59:00--  https://raw.githubusercontent.com/jupyterhub/zero-to-jupyterhub-k8s/main/images/network-tools/Dockerfile
Resolving raw.githubusercontent.com (raw.githubusercontent.com)... 185.199.111.133, 185.199.108.133, 185.199.110.133, ...
Connecting to raw.githubusercontent.com (raw.githubusercontent.com)|185.199.111.133|:443... connected.
HTTP request sent, awaiting response... 200 OK
Length: 85 [text/plain]
Saving to: '/mnt/disk0/emataru/home/emataru/2.5/mxe-core/3pp-images/k8s-network-tools/Dockerfile'

     0K                                                       100% 5.83M=0s

2023-04-24 08:59:00 (5.83 MB/s) - '/mnt/disk0/emataru/home/emataru/2.5/mxe-core/3pp-images/k8s-network-tools/Dockerfile' saved [85/85]

+ sed -i s#alpine:3#alpine:3.17.3#g /mnt/disk0/emataru/home/emataru/2.5/mxe-core/3pp-images/k8s-network-tools/Dockerfile
+ DOCKER_BUILDKIT=1
+ docker build -t armdocker.rnd.ericsson.se/proj-mxe/jupyterhub/k8s-network-tools:1.1.3-alpine3.17.3 -f /mnt/disk0/emataru/home/emataru/2.5/mxe-core/3pp-images/k8s-network-tools/Dockerfile .
#1 [internal] load build definition from Dockerfile
#1 transferring dockerfile:
#1 transferring dockerfile: 127B done
#1 DONE 0.2s

#2 [internal] load .dockerignore
#2 transferring context: 2B done
#2 DONE 0.3s

#3 [internal] load metadata for docker.io/library/alpine:3.17.3
#3 DONE 1.3s

#4 [1/2] FROM docker.io/library/alpine:3.17.3@sha256:124c7d2707904eea7431fffe91522a01e5a861a624ee31d03372cc1d138a3126
#4 CACHED

#5 [2/2] RUN apk add --no-cache iptables
#5 0.419 fetch https://dl-cdn.alpinelinux.org/alpine/v3.17/main/x86_64/APKINDEX.tar.gz
#5 0.586 fetch https://dl-cdn.alpinelinux.org/alpine/v3.17/community/x86_64/APKINDEX.tar.gz
#5 0.885 (1/3) Installing libmnl (1.0.5-r0)
#5 0.894 (2/3) Installing libnftnl (1.2.4-r0)
#5 0.904 (3/3) Installing iptables (1.8.8-r2)
#5 0.940 Executing busybox-1.35.0-r29.trigger
#5 0.945 OK: 9 MiB in 18 packages
#5 DONE 1.1s

#6 exporting to image
#6 exporting layers 0.1s done
#6 writing image sha256:aa18fbe4bc2adc907adb942bfffd158719a60d96d2b29647f6044214a0a64ec6 done
#6 naming to armdocker.rnd.ericsson.se/proj-mxe/jupyterhub/k8s-network-tools:1.1.3-alpine3.17.3 done
#6 DONE 0.1s
+ buildStatus=0
+ [[ 0 == 0 ]]
+ docker push armdocker.rnd.ericsson.se/proj-mxe/jupyterhub/k8s-network-tools:1.1.3-alpine3.17.3
The push refers to repository [armdocker.rnd.ericsson.se/proj-mxe/jupyterhub/k8s-network-tools]
12ef2d2c25e5: Preparing
f1417ff83b31: Preparing
f1417ff83b31: Layer already exists
12ef2d2c25e5: Pushed
1.1.3-alpine3.17.3: digest: sha256:c8f679bbea14b3a624ddecc1559a7aeb53bb0a79638acbc0f144b5690fcd8051 size: 738
+ pushed=0
+ [[ 0 == 0 ]]
+ cleanup
+ [[ -f /mnt/disk0/emataru/home/emataru/2.5/mxe-core/3pp-images/k8s-network-tools/Dockerfile ]]
+ rm -rf /mnt/disk0/emataru/home/emataru/2.5/mxe-core/3pp-images/k8s-network-tools/Dockerfile
